2026-07-02 12:53:38.123 [background-preinit] INFO  o.h.validator.internal.util.Version - HV000001: Hibernate Validator 9.1.0.Final
2026-07-02 12:53:38.218 [main] INFO  c.P.F.FullstackProjectApplicationTests - Starting FullstackProjectApplicationTests using Java 26.0.1 with PID 10768 (started by dell in C:\Users\dell\OneDrive\Desktop\PrepTrack_AI\PrepTrack_AI)
2026-07-02 12:53:38.221 [main] INFO  c.P.F.FullstackProjectApplicationTests - No active profile set, falling back to 1 default profile: "default"
2026-07-02 12:53:40.691 [main] WARN  o.s.w.c.s.GenericWebApplicationContext - Exception encountered during context initialization - cancelling refresh attempt: org.springframework.beans.factory.support.BeanDefinitionOverrideException: Invalid bean definition with name 'cloudinary' defined in class path resource [com/PrepTrack_AI/Fullstack_Project/storage/StorageConfig.class]: Cannot register bean definition [Root bean: class=null; scope=; abstract=false; lazyInit=null; autowireMode=3; dependencyCheck=0; autowireCandidate=true; primary=false; fallback=false; factoryBeanName=storageConfig; factoryMethodName=cloudinary; initMethodNames=null; destroyMethodNames=[(inferred)]; defined in class path resource [com/PrepTrack_AI/Fullstack_Project/storage/StorageConfig.class]] for bean 'cloudinary' since there is already [Generic bean: class=com.PrepTrack_AI.Fullstack_Project.storage.CloudinaryStorageService; scope=singleton; abstract=false; lazyInit=null; autowireMode=0; dependencyCheck=0; autowireCandidate=true; primary=false; fallback=false; factoryBeanName=null; factoryMethodName=null; initMethodNames=null; destroyMethodNames=null; defined in file [C:\Users\dell\OneDrive\Desktop\PrepTrack_AI\PrepTrack_AI\target\classes\com\PrepTrack_AI\Fullstack_Project\storage\CloudinaryStorageService.class]] bound.
2026-07-02 12:53:40.729 [main] INFO  o.s.b.a.l.ConditionEvaluationReportLogger - 

Error starting ApplicationContext. To display the condition evaluation report re-run your application with 'debug' enabled.
2026-07-02 12:53:40.793 [main] ERROR o.s.b.d.LoggingFailureAnalysisReporter - 

***************************
APPLICATION FAILED TO START
***************************

Description:

The bean 'cloudinary', defined in class path resource [com/PrepTrack_AI/Fullstack_Project/storage/StorageConfig.class], could not be registered. A bean with that name has already been defined in file [C:\Users\dell\OneDrive\Desktop\PrepTrack_AI\PrepTrack_AI\target\classes\com\PrepTrack_AI\Fullstack_Project\storage\CloudinaryStorageService.class] and overriding is disabled.

Action:

Consider renaming one of the beans or enabling overriding by setting spring.main.allow-bean-definition-overriding=true

2026-07-02 12:53:40.806 [main] WARN  o.s.test.context.TestContextManager - Caught exception while allowing TestExecutionListener [org.springframework.test.context.web.ServletTestExecutionListener] to prepare test instance [com.PrepTrack_AI.Fullstack_Project.FullstackProjectApplicationTests@ee8e7ff]
java.lang.IllegalStateException: Failed to load ApplicationContext for [WebMergedContextConfiguration@7a682d35 testClass = com.PrepTrack_AI.Fullstack_Project.FullstackProjectApplicationTests, locations = [], classes = [com.PrepTrack_AI.Fullstack_Project.FullstackProjectApplication], contextInitializerClasses = [], activeProfiles = [], propertySourceDescriptors = [], propertySourceProperties = ["org.springframework.boot.test.context.SpringBootTestContextBootstrapper=true"], contextCustomizers = [org.springframework.boot.web.server.context.SpringBootTestRandomPortContextCustomizer@3f28bd56, org.springframework.boot.test.context.PropertyMappingContextCustomizer@0, org.springframework.boot.test.context.filter.ExcludeFilterContextCustomizer@3185fa6b, org.springframework.boot.test.json.DuplicateJsonObjectContextCustomizerFactory$DuplicateJsonObjectContextCustomizer@180e6ac4, org.springframework.boot.test.autoconfigure.OnFailureConditionReportContextCustomizerFactory$OnFailureConditionReportContextCustomizer@2a39fe6a, org.springframework.test.context.support.DynamicPropertiesContextCustomizer@0, org.springframework.boot.test.context.SpringBootTestAnnotation@d4175481], resourceBasePath = "src/main/webapp", contextLoader = org.springframework.boot.test.context.SpringBootContextLoader, parent = null]
	at org.springframework.test.context.cache.DefaultCacheAwareContextLoaderDelegate.lambda$loadContext$0(DefaultCacheAwareContextLoaderDelegate.java:195)
	at org.springframework.test.context.cache.DefaultContextCache.put(DefaultContextCache.java:214)
	at org.springframework.test.context.cache.DefaultCacheAwareContextLoaderDelegate.loadContext(DefaultCacheAwareContextLoaderDelegate.java:160)
	at org.springframework.test.context.support.DefaultTestContext.getApplicationContext(DefaultTestContext.java:128)
	at org.springframework.test.context.web.ServletTestExecutionListener.setUpRequestContextIfNecessary(ServletTestExecutionListener.java:200)
	at org.springframework.test.context.web.ServletTestExecutionListener.prepareTestInstance(ServletTestExecutionListener.java:139)
	at org.springframework.test.context.TestContextManager.prepareTestInstance(TestContextManager.java:260)
	at org.springframework.test.context.junit.jupiter.SpringExtension.postProcessTestInstance(SpringExtension.java:242)
	at org.junit.jupiter.engine.descriptor.ClassBasedTestDescriptor.lambda$invokeTestInstancePostProcessors$1(ClassBasedTestDescriptor.java:423)
	at org.junit.jupiter.engine.descriptor.ClassBasedTestDescriptor.executeAndMaskThrowable(ClassBasedTestDescriptor.java:428)
	at org.junit.jupiter.engine.descriptor.ClassBasedTestDescriptor.lambda$invokeTestInstancePostProcessors$0(ClassBasedTestDescriptor.java:422)
	at java.base/java.util.stream.ForEachOps$ForEachOp$OfRef.accept(ForEachOps.java:186)
	at java.base/java.util.stream.ReferencePipeline$3$1.accept(ReferencePipeline.java:214)
	at java.base/java.util.stream.ReferencePipeline$2$1.accept(ReferencePipeline.java:197)
	at java.base/java.util.stream.ReferencePipeline$3$1.accept(ReferencePipeline.java:214)
	at java.base/java.util.ArrayList$ArrayListSpliterator.forEachRemaining(ArrayList.java:1724)
	at java.base/java.util.stream.AbstractPipeline.copyInto(AbstractPipeline.java:570)
	at java.base/java.util.stream.AbstractPipeline.wrapAndCopyInto(AbstractPipeline.java:560)
	at java.base/java.util.stream.ForEachOps$ForEachOp.evaluateSequential(ForEachOps.java:153)
	at java.base/java.util.stream.ForEachOps$ForEachOp$OfRef.evaluateSequential(ForEachOps.java:176)
	at java.base/java.util.stream.AbstractPipeline.evaluate(AbstractPipeline.java:265)
	at java.base/java.util.stream.ReferencePipeline.forEach(ReferencePipeline.java:632)
	at org.junit.jupiter.engine.descriptor.ClassBasedTestDescriptor.invokeTestInstancePostProcessors(ClassBasedTestDescriptor.java:422)
	at org.junit.jupiter.engine.descriptor.ClassBasedTestDescriptor.lambda$instantiateAndPostProcessTestInstance$0(ClassBasedTestDescriptor.java:334)
	at org.junit.platform.engine.support.hierarchical.ThrowableCollector.execute(ThrowableCollector.java:74)
	at org.junit.jupiter.engine.descriptor.ClassBasedTestDescriptor.instantiateAndPostProcessTestInstance(ClassBasedTestDescriptor.java:333)
	at org.junit.jupiter.engine.descriptor.ClassBasedTestDescriptor.lambda$testInstancesProvider$1(ClassBasedTestDescriptor.java:322)
	at java.base/java.util.Optional.orElseGet(Optional.java:368)
	at org.junit.jupiter.engine.descriptor.ClassBasedTestDescriptor.lambda$testInstancesProvider$0(ClassBasedTestDescriptor.java:321)
	at org.junit.jupiter.engine.execution.TestInstancesProvider.getTestInstances(TestInstancesProvider.java:27)
	at org.junit.jupiter.engine.descriptor.TestMethodTestDescriptor.lambda$prepare$0(TestMethodTestDescriptor.java:127)
	at org.junit.platform.engine.support.hierarchical.ThrowableCollector.execute(ThrowableCollector.java:74)
	at org.junit.jupiter.engine.descriptor.TestMethodTestDescriptor.prepare(TestMethodTestDescriptor.java:126)
	at org.junit.jupiter.engine.descriptor.TestMethodTestDescriptor.prepare(TestMethodTestDescriptor.java:70)
	at org.junit.platform.engine.support.hierarchical.NodeTestTask.lambda$prepare$0(NodeTestTask.java:144)
	at org.junit.platform.engine.support.hierarchical.ThrowableCollector.execute(ThrowableCollector.java:74)
	at org.junit.platform.engine.support.hierarchical.NodeTestTask.prepare(NodeTestTask.java:144)
	at org.junit.platform.engine.support.hierarchical.NodeTestTask.execute(NodeTestTask.java:110)
	at java.base/java.util.ArrayList.forEach(ArrayList.java:1612)
	at org.junit.platform.engine.support.hierarchical.SameThreadHierarchicalTestExecutorService.invokeAll(SameThreadHierarchicalTestExecutorService.java:42)
	at org.junit.platform.engine.support.hierarchical.NodeTestTask.lambda$executeRecursively$2(NodeTestTask.java:180)
	at org.junit.platform.engine.support.hierarchical.ThrowableCollector.execute(ThrowableCollector.java:74)
	at org.junit.platform.engine.support.hierarchical.NodeTestTask.lambda$executeRecursively$1(NodeTestTask.java:166)
	at org.junit.platform.engine.support.hierarchical.Node.around(Node.java:138)
	at org.junit.platform.engine.support.hierarchical.NodeTestTask.lambda$executeRecursively$0(NodeTestTask.java:164)
	at org.junit.platform.engine.support.hierarchical.ThrowableCollector.execute(ThrowableCollector.java:74)
	at org.junit.platform.engine.support.hierarchical.NodeTestTask.executeRecursively(NodeTestTask.java:163)
	at org.junit.platform.engine.support.hierarchical.NodeTestTask.execute(NodeTestTask.java:116)
	at java.base/java.util.ArrayList.forEach(ArrayList.java:1612)
	at org.junit.platform.engine.support.hierarchical.SameThreadHierarchicalTestExecutorService.invokeAll(SameThreadHierarchicalTestExecutorService.java:42)
	at org.junit.platform.engine.support.hierarchical.NodeTestTask.lambda$executeRecursively$2(NodeTestTask.java:180)
	at org.junit.platform.engine.support.hierarchical.ThrowableCollector.execute(ThrowableCollector.java:74)
	at org.junit.platform.engine.support.hierarchical.NodeTestTask.lambda$executeRecursively$1(NodeTestTask.java:166)
	at org.junit.platform.engine.support.hierarchical.Node.around(Node.java:138)
	at org.junit.platform.engine.support.hierarchical.NodeTestTask.lambda$executeRecursively$0(NodeTestTask.java:164)
	at org.junit.platform.engine.support.hierarchical.ThrowableCollector.execute(ThrowableCollector.java:74)
	at org.junit.platform.engine.support.hierarchical.NodeTestTask.executeRecursively(NodeTestTask.java:163)
	at org.junit.platform.engine.support.hierarchical.NodeTestTask.execute(NodeTestTask.java:116)
	at org.junit.platform.engine.support.hierarchical.SameThreadHierarchicalTestExecutorService.submit(SameThreadHierarchicalTestExecutorService.java:36)
	at org.junit.platform.engine.support.hierarchical.HierarchicalTestExecutor.execute(HierarchicalTestExecutor.java:52)
	at org.junit.platform.engine.support.hierarchical.HierarchicalTestEngine.execute(HierarchicalTestEngine.java:58)
	at org.junit.platform.launcher.core.EngineExecutionOrchestrator.executeEngine(EngineExecutionOrchestrator.java:246)
	at org.junit.platform.launcher.core.EngineExecutionOrchestrator.failOrExecuteEngine(EngineExecutionOrchestrator.java:218)
	at org.junit.platform.launcher.core.EngineExecutionOrchestrator.execute(EngineExecutionOrchestrator.java:179)
	at org.junit.platform.launcher.core.EngineExecutionOrchestrator.execute(EngineExecutionOrchestrator.java:108)
	at org.junit.platform.launcher.core.EngineExecutionOrchestrator.lambda$execute$0(EngineExecutionOrchestrator.java:66)
	at org.junit.platform.launcher.core.EngineExecutionOrchestrator.withInterceptedStreams(EngineExecutionOrchestrator.java:157)
	at org.junit.platform.launcher.core.EngineExecutionOrchestrator.execute(EngineExecutionOrchestrator.java:65)
	at org.junit.platform.launcher.core.DefaultLauncher.execute(DefaultLauncher.java:125)
	at org.junit.platform.launcher.core.DefaultLauncher.execute(DefaultLauncher.java:114)
	at org.junit.platform.launcher.core.DelegatingLauncher.execute(DelegatingLauncher.java:58)
	at org.junit.platform.launcher.core.InterceptingLauncher.lambda$execute$2(InterceptingLauncher.java:57)
	at org.junit.platform.launcher.core.ClasspathAlignmentCheckingLauncherInterceptor.intercept(ClasspathAlignmentCheckingLauncherInterceptor.java:25)
	at org.junit.platform.launcher.core.InterceptingLauncher.execute(InterceptingLauncher.java:56)
	at org.junit.platform.launcher.core.DelegatingLauncher.execute(DelegatingLauncher.java:58)
	at java.base/jdk.internal.reflect.DirectMethodHandleAccessor.invoke(DirectMethodHandleAccessor.java:104)
	at java.base/java.lang.reflect.Method.invoke(Method.java:565)
	at org.apache.maven.surefire.api.util.ReflectionUtils.invokeMethodWithArray(ReflectionUtils.java:125)
	at org.apache.maven.surefire.junitplatform.LauncherAdapter.executeWithCancellationToken(LauncherAdapter.java:68)
	at org.apache.maven.surefire.junitplatform.LauncherAdapter.execute(LauncherAdapter.java:54)
	at org.apache.maven.surefire.junitplatform.JUnitPlatformProvider.execute(JUnitPlatformProvider.java:203)
	at org.apache.maven.surefire.junitplatform.JUnitPlatformProvider.invokeAllTests(JUnitPlatformProvider.java:168)
	at org.apache.maven.surefire.junitplatform.JUnitPlatformProvider.invoke(JUnitPlatformProvider.java:136)
	at org.apache.maven.surefire.booter.ForkedBooter.runSuitesInProcess(ForkedBooter.java:385)
	at org.apache.maven.surefire.booter.ForkedBooter.execute(ForkedBooter.java:162)
	at org.apache.maven.surefire.booter.ForkedBooter.run(ForkedBooter.java:507)
	at org.apache.maven.surefire.booter.ForkedBooter.main(ForkedBooter.java:495)
Caused by: org.springframework.beans.factory.support.BeanDefinitionOverrideException: Invalid bean definition with name 'cloudinary' defined in class path resource [com/PrepTrack_AI/Fullstack_Project/storage/StorageConfig.class]: Cannot register bean definition [Root bean: class=null; scope=; abstract=false; lazyInit=null; autowireMode=3; dependencyCheck=0; autowireCandidate=true; primary=false; fallback=false; factoryBeanName=storageConfig; factoryMethodName=cloudinary; initMethodNames=null; destroyMethodNames=[(inferred)]; defined in class path resource [com/PrepTrack_AI/Fullstack_Project/storage/StorageConfig.class]] for bean 'cloudinary' since there is already [Generic bean: class=com.PrepTrack_AI.Fullstack_Project.storage.CloudinaryStorageService; scope=singleton; abstract=false; lazyInit=null; autowireMode=0; dependencyCheck=0; autowireCandidate=true; primary=false; fallback=false; factoryBeanName=null; factoryMethodName=null; initMethodNames=null; destroyMethodNames=null; defined in file [C:\Users\dell\OneDrive\Desktop\PrepTrack_AI\PrepTrack_AI\target\classes\com\PrepTrack_AI\Fullstack_Project\storage\CloudinaryStorageService.class]] bound.
	at org.springframework.beans.factory.support.DefaultListableBeanFactory.registerBeanDefinition(DefaultListableBeanFactory.java:1271)
	at org.springframework.context.annotation.ConfigurationClassBeanDefinitionReader.loadBeanDefinitionsForBeanMethod(ConfigurationClassBeanDefinitionReader.java:309)
	at org.springframework.context.annotation.ConfigurationClassBeanDefinitionReader.loadBeanDefinitionsForConfigurationClass(ConfigurationClassBeanDefinitionReader.java:148)
	at org.springframework.context.annotation.ConfigurationClassBeanDefinitionReader.loadBeanDefinitions(ConfigurationClassBeanDefinitionReader.java:124)
	at org.springframework.context.annotation.ConfigurationClassPostProcessor.processConfigBeanDefinitions(ConfigurationClassPostProcessor.java:464)
	at org.springframework.context.annotation.ConfigurationClassPostProcessor.postProcessBeanDefinitionRegistry(ConfigurationClassPostProcessor.java:316)
	at org.springframework.context.support.PostProcessorRegistrationDelegate.invokeBeanDefinitionRegistryPostProcessors(PostProcessorRegistrationDelegate.java:349)
	at org.springframework.context.support.PostProcessorRegistrationDelegate.invokeBeanFactoryPostProcessors(PostProcessorRegistrationDelegate.java:118)
	at org.springframework.context.support.AbstractApplicationContext.invokeBeanFactoryPostProcessors(AbstractApplicationContext.java:795)
	at org.springframework.context.support.AbstractApplicationContext.refresh(AbstractApplicationContext.java:603)
	at org.springframework.boot.SpringApplication.refresh(SpringApplication.java:756)
	at org.springframework.boot.SpringApplication.refreshContext(SpringApplication.java:445)
	at org.springframework.boot.SpringApplication.run(SpringApplication.java:321)
	at org.springframework.boot.test.context.SpringBootContextLoader.lambda$loadContext$2(SpringBootContextLoader.java:155)
	at org.springframework.util.function.ThrowingSupplier.get(ThrowingSupplier.java:58)
	at org.springframework.util.function.ThrowingSupplier.get(ThrowingSupplier.java:46)
	at org.springframework.boot.SpringApplication.withHook(SpringApplication.java:1465)
	at org.springframework.boot.test.context.SpringBootContextLoader$ContextLoaderHook.run(SpringBootContextLoader.java:600)
	at org.springframework.boot.test.context.SpringBootContextLoader.loadContext(SpringBootContextLoader.java:155)
	at org.springframework.boot.test.context.SpringBootContextLoader.loadContext(SpringBootContextLoader.java:114)
	at org.springframework.test.context.cache.DefaultCacheAwareContextLoaderDelegate.loadContextInternal(DefaultCacheAwareContextLoaderDelegate.java:247)
	at org.springframework.test.context.cache.DefaultCacheAwareContextLoaderDelegate.lambda$loadContext$0(DefaultCacheAwareContextLoaderDelegate.java:167)
	... 86 common frames omitted
2026-07-02 12:53:43.131 [main] INFO  c.P.F.a.s.impl.AuditServiceImpl - User [john.doe@example.com] performed CREATE_USER on User entity with id=100 (SUCCESS)
2026-07-02 12:53:43.519 [main] INFO  c.P.F.service.impl.AuthServiceImpl - Logging out user token
2026-07-02 12:53:43.523 [main] INFO  c.P.F.service.impl.AuthServiceImpl - Access token blacklisted successfully
2026-07-02 12:53:43.547 [main] INFO  c.P.F.service.impl.AuthServiceImpl - Logging out user token
2026-07-02 12:53:44.020 [main] INFO  c.P.F.s.impl.InterviewServiceImpl - Adding question to interview with ID: 1
2026-07-02 12:53:44.028 [main] INFO  c.P.F.s.impl.InterviewServiceImpl - Question added successfully with ID: 10
2026-07-02 12:53:44.042 [main] INFO  c.P.F.s.impl.InterviewServiceImpl - Creating new interview: Java Interview
2026-07-02 12:53:44.043 [main] INFO  c.P.F.s.impl.InterviewServiceImpl - Interview created successfully with ID: 1
2026-07-02 12:53:44.435 [main] INFO  c.P.F.s.i.InterviewSessionServiceImpl - Starting interview session for user: student@example.com on interview: 2
2026-07-02 12:53:44.441 [main] INFO  c.P.F.s.i.InterviewSessionServiceImpl - Interview session started with ID: 3
2026-07-02 12:53:44.457 [main] INFO  c.P.F.s.i.InterviewSessionServiceImpl - Submitting interview session with ID: 3, score: 85
2026-07-02 12:53:44.646 [main] INFO  c.P.F.s.impl.PermissionServiceImpl - Creating permission with name: INTERVIEW_CREATE
2026-07-02 12:53:44.657 [main] INFO  c.P.F.s.impl.PermissionServiceImpl - Deleting permission with ID: 1
2026-07-02 12:53:44.668 [main] INFO  c.P.F.s.impl.PermissionServiceImpl - Creating permission with name: NEW_PERMISSION
2026-07-02 12:53:44.669 [main] INFO  c.P.F.s.impl.PermissionServiceImpl - Permission created successfully: NEW_PERMISSION
2026-07-02 12:53:44.686 [main] INFO  c.P.F.s.impl.PermissionServiceImpl - Deleting permission with ID: 1
2026-07-02 12:53:44.689 [main] INFO  c.P.F.s.impl.PermissionServiceImpl - Permission deleted successfully: INTERVIEW_CREATE
2026-07-02 12:53:44.706 [main] INFO  c.P.F.s.impl.PermissionServiceImpl - Deleting permission with ID: 2
2026-07-02 12:53:44.975 [main] INFO  c.P.F.service.impl.ResumeServiceImpl - Uploading resume for user: student@example.com
2026-07-02 12:53:44.977 [main] INFO  c.P.F.service.impl.ResumeServiceImpl - Resume saved successfully with ID: 2
2026-07-02 12:53:45.013 [main] INFO  c.P.F.service.impl.RoleServiceImpl - Creating role with name: ROLE_NEW
2026-07-02 12:53:45.015 [main] INFO  c.P.F.service.impl.RoleServiceImpl - Role created successfully: ROLE_NEW
2026-07-02 12:53:45.026 [main] INFO  c.P.F.service.impl.RoleServiceImpl - Deleting role with ID: 1
2026-07-02 12:53:45.035 [main] INFO  c.P.F.service.impl.RoleServiceImpl - Deleting role with ID: 1
2026-07-02 12:53:45.036 [main] INFO  c.P.F.service.impl.RoleServiceImpl - Role deleted successfully: ROLE_CUSTOM
2026-07-02 12:53:45.044 [main] INFO  c.P.F.service.impl.RoleServiceImpl - Updating role with ID: 1
2026-07-02 12:53:45.046 [main] INFO  c.P.F.service.impl.RoleServiceImpl - Role updated successfully: ROLE_CUSTOM_UPDATED
2026-07-02 12:53:45.052 [main] INFO  c.P.F.service.impl.RoleServiceImpl - Fetching role with ID: 1
2026-07-02 12:53:45.061 [main] INFO  c.P.F.service.impl.RoleServiceImpl - Deleting role with ID: 10
2026-07-02 12:53:45.068 [main] INFO  c.P.F.service.impl.RoleServiceImpl - Updating role with ID: 10
2026-07-02 12:53:45.076 [main] INFO  c.P.F.service.impl.RoleServiceImpl - Fetching role with ID: 2
2026-07-02 12:53:45.084 [main] INFO  c.P.F.service.impl.RoleServiceImpl - Creating role with name: ROLE_CUSTOM
2026-07-02 12:53:45.274 [main] INFO  c.P.F.s.impl.UserProgressServiceImpl - Updating progress for user: student@example.com after completing interview session with score: 90, questions: 5
2026-07-02 12:53:45.275 [main] INFO  c.P.F.s.impl.UserProgressServiceImpl - Progress updated successfully. Total score: 175, current streak: 2
2026-07-02 12:53:45.393 [main] ERROR c.P.F.service.impl.UserServiceImpl - Database operation failed: User not found with email unknown@example.com
2026-07-02 12:53:45.407 [main] INFO  c.P.F.service.impl.UserServiceImpl - Updating profile for user: john.doe@example.com
2026-07-02 12:53:45.409 [main] INFO  c.P.F.service.impl.UserServiceImpl - Profile updated successfully for user: john.doe@example.com
2026-07-02 12:54:38.117 [background-preinit] INFO  o.h.validator.internal.util.Version - HV000001: Hibernate Validator 9.1.0.Final
2026-07-02 12:54:38.152 [main] INFO  c.P.F.FullstackProjectApplicationTests - Starting FullstackProjectApplicationTests using Java 26.0.1 with PID 18488 (started by dell in C:\Users\dell\OneDrive\Desktop\PrepTrack_AI\PrepTrack_AI)
2026-07-02 12:54:38.153 [main] INFO  c.P.F.FullstackProjectApplicationTests - No active profile set, falling back to 1 default profile: "default"
2026-07-02 12:54:40.030 [main] INFO  o.s.d.r.c.RepositoryConfigurationDelegate - Bootstrapping Spring Data JPA repositories in DEFAULT mode.
2026-07-02 12:54:40.330 [main] INFO  o.s.d.r.c.RepositoryConfigurationDelegate - Finished Spring Data repository scanning in 282 ms. Found 16 JPA repository interfaces.
2026-07-02 12:54:41.368 [main] INFO  org.hibernate.orm.jpa - HHH008540: Processing PersistenceUnitInfo [name: default]
2026-07-02 12:54:41.497 [main] INFO  org.hibernate.orm.core - HHH000001: Hibernate ORM core version 7.4.1.Final
2026-07-02 12:54:42.373 [main] INFO  o.s.o.j.p.SpringPersistenceUnitInfo - No LoadTimeWeaver setup: ignoring JPA class transformer
2026-07-02 12:54:42.464 [main] INFO  com.zaxxer.hikari.HikariDataSource - HikariPool-1 - Starting...
2026-07-02 12:54:42.893 [main] INFO  com.zaxxer.hikari.pool.HikariPool - HikariPool-1 - Added connection conn0: url=jdbc:h2:mem:preptrack_db user=SA
2026-07-02 12:54:42.896 [main] INFO  com.zaxxer.hikari.HikariDataSource - HikariPool-1 - Start completed.
2026-07-02 12:54:42.943 [main] WARN  org.hibernate.orm.deprecation - HHH90000025: H2Dialect does not need to be specified explicitly using 'hibernate.dialect' (remove the property setting and it will be selected by default)
2026-07-02 12:54:42.977 [main] INFO  o.hibernate.orm.connections.pooling - HHH10001005: Database info:
	Database JDBC URL [jdbc:h2:mem:preptrack_db]
	Database driver: H2 JDBC Driver
	Database dialect: H2Dialect
	Database version: 2.4.240
	Default catalog/schema: PREPTRACK_DB/PUBLIC
	Autocommit mode: undefined/unknown
	Isolation level: READ_COMMITTED [default READ_COMMITTED]
	JDBC fetch size: 100
	Pool: DataSourceConnectionProvider
	Minimum pool size: undefined/unknown
	Maximum pool size: undefined/unknown
2026-07-02 12:54:45.547 [main] INFO  org.hibernate.orm.core - HHH000489: No JTA platform available (set 'hibernate.transaction.jta.platform' to enable JTA platform integration)
2026-07-02 12:54:45.819 [main] INFO  o.s.o.j.LocalContainerEntityManagerFactoryBean - Initialized JPA EntityManagerFactory for persistence unit 'default'
2026-07-02 12:54:45.999 [main] INFO  o.s.d.j.r.q.QueryEnhancerFactories - Hibernate is in classpath; If applicable, HQL parser will be used.
2026-07-02 12:54:46.740 [main] INFO  o.s.s.c.a.a.c.InitializeAuthenticationProviderBeanManagerConfigurer$InitializeAuthenticationProviderManagerConfigurer - Global AuthenticationManager configured with AuthenticationProvider bean with name authenticationProvider
2026-07-02 12:54:46.740 [main] WARN  o.s.s.c.a.a.c.InitializeUserDetailsBeanManagerConfigurer$InitializeUserDetailsManagerConfigurer - Global AuthenticationManager configured with an AuthenticationProvider bean. UserDetailsService beans will not be used by Spring Security for automatically configuring username/password login. Consider removing the AuthenticationProvider bean. Alternatively, consider using the UserDetailsService in a manually instantiated DaoAuthenticationProvider. If the current configuration is intentional, to turn off this warning, increase the logging level of 'org.springframework.security.config.annotation.authentication.configuration.InitializeUserDetailsBeanManagerConfigurer' to ERROR
2026-07-02 12:54:48.043 [main] WARN  c.P.F.storage.StorageConfig - Cloudinary credentials not configured. CloudinaryStorageService will run in simulated mode.
2026-07-02 12:54:48.057 [main] WARN  o.s.w.c.s.GenericWebApplicationContext - Exception encountered during context initialization - cancelling refresh attempt: org.springframework.beans.factory.UnsatisfiedDependencyException: Error creating bean with name 'cloudinary' defined in file [C:\Users\dell\OneDrive\Desktop\PrepTrack_AI\PrepTrack_AI\target\classes\com\PrepTrack_AI\Fullstack_Project\storage\CloudinaryStorageService.class]: Unsatisfied dependency expressed through constructor parameter 0: No qualifying bean of type 'com.cloudinary.Cloudinary' available: expected at least 1 bean which qualifies as autowire candidate. Dependency annotations: {}
2026-07-02 12:54:48.060 [main] INFO  o.s.o.j.LocalContainerEntityManagerFactoryBean - Closing JPA EntityManagerFactory for persistence unit 'default'
2026-07-02 12:54:48.083 [main] INFO  com.zaxxer.hikari.HikariDataSource - HikariPool-1 - Shutdown initiated...
2026-07-02 12:54:48.089 [main] INFO  com.zaxxer.hikari.HikariDataSource - HikariPool-1 - Shutdown completed.
2026-07-02 12:54:48.125 [main] INFO  o.s.b.a.l.ConditionEvaluationReportLogger - 

Error starting ApplicationContext. To display the condition evaluation report re-run your application with 'debug' enabled.
2026-07-02 12:54:48.154 [main] WARN  c.P.F.storage.StorageConfig - Cloudinary credentials not configured. CloudinaryStorageService will run in simulated mode.
2026-07-02 12:54:48.156 [main] ERROR o.s.b.d.LoggingFailureAnalysisReporter - 

***************************
APPLICATION FAILED TO START
***************************

Description:

Parameter 0 of constructor in com.PrepTrack_AI.Fullstack_Project.storage.CloudinaryStorageService required a bean of type 'com.cloudinary.Cloudinary' that could not be found.

The following candidates were found but could not be injected:
	- User-defined bean method 'cloudinaryClient' in 'StorageConfig' ignored as the bean value is null


Action:

Consider revisiting the entries above or defining a bean of type 'com.cloudinary.Cloudinary' in your configuration.

2026-07-02 12:54:48.158 [main] WARN  o.s.test.context.TestContextManager - Caught exception while allowing TestExecutionListener [org.springframework.test.context.web.ServletTestExecutionListener] to prepare test instance [com.PrepTrack_AI.Fullstack_Project.FullstackProjectApplicationTests@692cab82]
java.lang.IllegalStateException: Failed to load ApplicationContext for [WebMergedContextConfiguration@2ea7e25d testClass = com.PrepTrack_AI.Fullstack_Project.FullstackProjectApplicationTests, locations = [], classes = [com.PrepTrack_AI.Fullstack_Project.FullstackProjectApplication], contextInitializerClasses = [], activeProfiles = [], propertySourceDescriptors = [], propertySourceProperties = ["org.springframework.boot.test.context.SpringBootTestContextBootstrapper=true"], contextCustomizers = [org.springframework.boot.web.server.context.SpringBootTestRandomPortContextCustomizer@3f28bd56, org.springframework.boot.test.context.PropertyMappingContextCustomizer@0, org.springframework.boot.test.context.filter.ExcludeFilterContextCustomizer@3185fa6b, org.springframework.boot.test.json.DuplicateJsonObjectContextCustomizerFactory$DuplicateJsonObjectContextCustomizer@180e6ac4, org.springframework.boot.test.autoconfigure.OnFailureConditionReportContextCustomizerFactory$OnFailureConditionReportContextCustomizer@2a39fe6a, org.springframework.test.context.support.DynamicPropertiesContextCustomizer@0, org.springframework.boot.test.context.SpringBootTestAnnotation@d4175481], resourceBasePath = "src/main/webapp", contextLoader = org.springframework.boot.test.context.SpringBootContextLoader, parent = null]
	at org.springframework.test.context.cache.DefaultCacheAwareContextLoaderDelegate.lambda$loadContext$0(DefaultCacheAwareContextLoaderDelegate.java:195)
	at org.springframework.test.context.cache.DefaultContextCache.put(DefaultContextCache.java:214)
	at org.springframework.test.context.cache.DefaultCacheAwareContextLoaderDelegate.loadContext(DefaultCacheAwareContextLoaderDelegate.java:160)
	at org.springframework.test.context.support.DefaultTestContext.getApplicationContext(DefaultTestContext.java:128)
	at org.springframework.test.context.web.ServletTestExecutionListener.setUpRequestContextIfNecessary(ServletTestExecutionListener.java:200)
	at org.springframework.test.context.web.ServletTestExecutionListener.prepareTestInstance(ServletTestExecutionListener.java:139)
	at org.springframework.test.context.TestContextManager.prepareTestInstance(TestContextManager.java:260)
	at org.springframework.test.context.junit.jupiter.SpringExtension.postProcessTestInstance(SpringExtension.java:242)
	at org.junit.jupiter.engine.descriptor.ClassBasedTestDescriptor.lambda$invokeTestInstancePostProcessors$1(ClassBasedTestDescriptor.java:423)
	at org.junit.jupiter.engine.descriptor.ClassBasedTestDescriptor.executeAndMaskThrowable(ClassBasedTestDescriptor.java:428)
	at org.junit.jupiter.engine.descriptor.ClassBasedTestDescriptor.lambda$invokeTestInstancePostProcessors$0(ClassBasedTestDescriptor.java:422)
	at java.base/java.util.stream.ForEachOps$ForEachOp$OfRef.accept(ForEachOps.java:186)
	at java.base/java.util.stream.ReferencePipeline$3$1.accept(ReferencePipeline.java:214)
	at java.base/java.util.stream.ReferencePipeline$2$1.accept(ReferencePipeline.java:197)
	at java.base/java.util.stream.ReferencePipeline$3$1.accept(ReferencePipeline.java:214)
	at java.base/java.util.ArrayList$ArrayListSpliterator.forEachRemaining(ArrayList.java:1724)
	at java.base/java.util.stream.AbstractPipeline.copyInto(AbstractPipeline.java:570)
	at java.base/java.util.stream.AbstractPipeline.wrapAndCopyInto(AbstractPipeline.java:560)
	at java.base/java.util.stream.ForEachOps$ForEachOp.evaluateSequential(ForEachOps.java:153)
	at java.base/java.util.stream.ForEachOps$ForEachOp$OfRef.evaluateSequential(ForEachOps.java:176)
	at java.base/java.util.stream.AbstractPipeline.evaluate(AbstractPipeline.java:265)
	at java.base/java.util.stream.ReferencePipeline.forEach(ReferencePipeline.java:632)
	at org.junit.jupiter.engine.descriptor.ClassBasedTestDescriptor.invokeTestInstancePostProcessors(ClassBasedTestDescriptor.java:422)
	at org.junit.jupiter.engine.descriptor.ClassBasedTestDescriptor.lambda$instantiateAndPostProcessTestInstance$0(ClassBasedTestDescriptor.java:334)
	at org.junit.platform.engine.support.hierarchical.ThrowableCollector.execute(ThrowableCollector.java:74)
	at org.junit.jupiter.engine.descriptor.ClassBasedTestDescriptor.instantiateAndPostProcessTestInstance(ClassBasedTestDescriptor.java:333)
	at org.junit.jupiter.engine.descriptor.ClassBasedTestDescriptor.lambda$testInstancesProvider$1(ClassBasedTestDescriptor.java:322)
	at java.base/java.util.Optional.orElseGet(Optional.java:368)
	at org.junit.jupiter.engine.descriptor.ClassBasedTestDescriptor.lambda$testInstancesProvider$0(ClassBasedTestDescriptor.java:321)
	at org.junit.jupiter.engine.execution.TestInstancesProvider.getTestInstances(TestInstancesProvider.java:27)
	at org.junit.jupiter.engine.descriptor.TestMethodTestDescriptor.lambda$prepare$0(TestMethodTestDescriptor.java:127)
	at org.junit.platform.engine.support.hierarchical.ThrowableCollector.execute(ThrowableCollector.java:74)
	at org.junit.jupiter.engine.descriptor.TestMethodTestDescriptor.prepare(TestMethodTestDescriptor.java:126)
	at org.junit.jupiter.engine.descriptor.TestMethodTestDescriptor.prepare(TestMethodTestDescriptor.java:70)
	at org.junit.platform.engine.support.hierarchical.NodeTestTask.lambda$prepare$0(NodeTestTask.java:144)
	at org.junit.platform.engine.support.hierarchical.ThrowableCollector.execute(ThrowableCollector.java:74)
	at org.junit.platform.engine.support.hierarchical.NodeTestTask.prepare(NodeTestTask.java:144)
	at org.junit.platform.engine.support.hierarchical.NodeTestTask.execute(NodeTestTask.java:110)
	at java.base/java.util.ArrayList.forEach(ArrayList.java:1612)
	at org.junit.platform.engine.support.hierarchical.SameThreadHierarchicalTestExecutorService.invokeAll(SameThreadHierarchicalTestExecutorService.java:42)
	at org.junit.platform.engine.support.hierarchical.NodeTestTask.lambda$executeRecursively$2(NodeTestTask.java:180)
	at org.junit.platform.engine.support.hierarchical.ThrowableCollector.execute(ThrowableCollector.java:74)
	at org.junit.platform.engine.support.hierarchical.NodeTestTask.lambda$executeRecursively$1(NodeTestTask.java:166)
	at org.junit.platform.engine.support.hierarchical.Node.around(Node.java:138)
	at org.junit.platform.engine.support.hierarchical.NodeTestTask.lambda$executeRecursively$0(NodeTestTask.java:164)
	at org.junit.platform.engine.support.hierarchical.ThrowableCollector.execute(ThrowableCollector.java:74)
	at org.junit.platform.engine.support.hierarchical.NodeTestTask.executeRecursively(NodeTestTask.java:163)
	at org.junit.platform.engine.support.hierarchical.NodeTestTask.execute(NodeTestTask.java:116)
	at java.base/java.util.ArrayList.forEach(ArrayList.java:1612)
	at org.junit.platform.engine.support.hierarchical.SameThreadHierarchicalTestExecutorService.invokeAll(SameThreadHierarchicalTestExecutorService.java:42)
	at org.junit.platform.engine.support.hierarchical.NodeTestTask.lambda$executeRecursively$2(NodeTestTask.java:180)
	at org.junit.platform.engine.support.hierarchical.ThrowableCollector.execute(ThrowableCollector.java:74)
	at org.junit.platform.engine.support.hierarchical.NodeTestTask.lambda$executeRecursively$1(NodeTestTask.java:166)
	at org.junit.platform.engine.support.hierarchical.Node.around(Node.java:138)
	at org.junit.platform.engine.support.hierarchical.NodeTestTask.lambda$executeRecursively$0(NodeTestTask.java:164)
	at org.junit.platform.engine.support.hierarchical.ThrowableCollector.execute(ThrowableCollector.java:74)
	at org.junit.platform.engine.support.hierarchical.NodeTestTask.executeRecursively(NodeTestTask.java:163)
	at org.junit.platform.engine.support.hierarchical.NodeTestTask.execute(NodeTestTask.java:116)
	at org.junit.platform.engine.support.hierarchical.SameThreadHierarchicalTestExecutorService.submit(SameThreadHierarchicalTestExecutorService.java:36)
	at org.junit.platform.engine.support.hierarchical.HierarchicalTestExecutor.execute(HierarchicalTestExecutor.java:52)
	at org.junit.platform.engine.support.hierarchical.HierarchicalTestEngine.execute(HierarchicalTestEngine.java:58)
	at org.junit.platform.launcher.core.EngineExecutionOrchestrator.executeEngine(EngineExecutionOrchestrator.java:246)
	at org.junit.platform.launcher.core.EngineExecutionOrchestrator.failOrExecuteEngine(EngineExecutionOrchestrator.java:218)
	at org.junit.platform.launcher.core.EngineExecutionOrchestrator.execute(EngineExecutionOrchestrator.java:179)
	at org.junit.platform.launcher.core.EngineExecutionOrchestrator.execute(EngineExecutionOrchestrator.java:108)
	at org.junit.platform.launcher.core.EngineExecutionOrchestrator.lambda$execute$0(EngineExecutionOrchestrator.java:66)
	at org.junit.platform.launcher.core.EngineExecutionOrchestrator.withInterceptedStreams(EngineExecutionOrchestrator.java:157)
	at org.junit.platform.launcher.core.EngineExecutionOrchestrator.execute(EngineExecutionOrchestrator.java:65)
	at org.junit.platform.launcher.core.DefaultLauncher.execute(DefaultLauncher.java:125)
	at org.junit.platform.launcher.core.DefaultLauncher.execute(DefaultLauncher.java:114)
	at org.junit.platform.launcher.core.DelegatingLauncher.execute(DelegatingLauncher.java:58)
	at org.junit.platform.launcher.core.InterceptingLauncher.lambda$execute$2(InterceptingLauncher.java:57)
	at org.junit.platform.launcher.core.ClasspathAlignmentCheckingLauncherInterceptor.intercept(ClasspathAlignmentCheckingLauncherInterceptor.java:25)
	at org.junit.platform.launcher.core.InterceptingLauncher.execute(InterceptingLauncher.java:56)
	at org.junit.platform.launcher.core.DelegatingLauncher.execute(DelegatingLauncher.java:58)
	at java.base/jdk.internal.reflect.DirectMethodHandleAccessor.invoke(DirectMethodHandleAccessor.java:104)
	at java.base/java.lang.reflect.Method.invoke(Method.java:565)
	at org.apache.maven.surefire.api.util.ReflectionUtils.invokeMethodWithArray(ReflectionUtils.java:125)
	at org.apache.maven.surefire.junitplatform.LauncherAdapter.executeWithCancellationToken(LauncherAdapter.java:68)
	at org.apache.maven.surefire.junitplatform.LauncherAdapter.execute(LauncherAdapter.java:54)
	at org.apache.maven.surefire.junitplatform.JUnitPlatformProvider.execute(JUnitPlatformProvider.java:203)
	at org.apache.maven.surefire.junitplatform.JUnitPlatformProvider.invokeAllTests(JUnitPlatformProvider.java:168)
	at org.apache.maven.surefire.junitplatform.JUnitPlatformProvider.invoke(JUnitPlatformProvider.java:136)
	at org.apache.maven.surefire.booter.ForkedBooter.runSuitesInProcess(ForkedBooter.java:385)
	at org.apache.maven.surefire.booter.ForkedBooter.execute(ForkedBooter.java:162)
	at org.apache.maven.surefire.booter.ForkedBooter.run(ForkedBooter.java:507)
	at org.apache.maven.surefire.booter.ForkedBooter.main(ForkedBooter.java:495)
Caused by: org.springframework.beans.factory.UnsatisfiedDependencyException: Error creating bean with name 'cloudinary' defined in file [C:\Users\dell\OneDrive\Desktop\PrepTrack_AI\PrepTrack_AI\target\classes\com\PrepTrack_AI\Fullstack_Project\storage\CloudinaryStorageService.class]: Unsatisfied dependency expressed through constructor parameter 0: No qualifying bean of type 'com.cloudinary.Cloudinary' available: expected at least 1 bean which qualifies as autowire candidate. Dependency annotations: {}
	at org.springframework.beans.factory.support.ConstructorResolver.createArgumentArray(ConstructorResolver.java:804)
	at org.springframework.beans.factory.support.ConstructorResolver.autowireConstructor(ConstructorResolver.java:240)
	at org.springframework.beans.factory.support.AbstractAutowireCapableBeanFactory.autowireConstructor(AbstractAutowireCapableBeanFactory.java:1380)
	at org.springframework.beans.factory.support.AbstractAutowireCapableBeanFactory.createBeanInstance(AbstractAutowireCapableBeanFactory.java:1219)
	at org.springframework.beans.factory.support.AbstractAutowireCapableBeanFactory.doCreateBean(AbstractAutowireCapableBeanFactory.java:565)
	at org.springframework.beans.factory.support.AbstractAutowireCapableBeanFactory.createBean(AbstractAutowireCapableBeanFactory.java:525)
	at org.springframework.beans.factory.support.AbstractBeanFactory.lambda$doGetBean$0(AbstractBeanFactory.java:333)
	at org.springframework.beans.factory.support.DefaultSingletonBeanRegistry.getSingleton(DefaultSingletonBeanRegistry.java:371)
	at org.springframework.beans.factory.support.AbstractBeanFactory.doGetBean(AbstractBeanFactory.java:331)
	at org.springframework.beans.factory.support.AbstractBeanFactory.getBean(AbstractBeanFactory.java:196)
	at org.springframework.beans.factory.support.DefaultListableBeanFactory.instantiateSingleton(DefaultListableBeanFactory.java:1225)
	at org.springframework.beans.factory.support.DefaultListableBeanFactory.preInstantiateSingleton(DefaultListableBeanFactory.java:1191)
	at org.springframework.beans.factory.support.DefaultListableBeanFactory.preInstantiateSingletons(DefaultListableBeanFactory.java:1121)
	at org.springframework.context.support.AbstractApplicationContext.finishBeanFactoryInitialization(AbstractApplicationContext.java:994)
	at org.springframework.context.support.AbstractApplicationContext.refresh(AbstractApplicationContext.java:621)
	at org.springframework.boot.SpringApplication.refresh(SpringApplication.java:756)
	at org.springframework.boot.SpringApplication.refreshContext(SpringApplication.java:445)
	at org.springframework.boot.SpringApplication.run(SpringApplication.java:321)
	at org.springframework.boot.test.context.SpringBootContextLoader.lambda$loadContext$2(SpringBootContextLoader.java:155)
	at org.springframework.util.function.ThrowingSupplier.get(ThrowingSupplier.java:58)
	at org.springframework.util.function.ThrowingSupplier.get(ThrowingSupplier.java:46)
	at org.springframework.boot.SpringApplication.withHook(SpringApplication.java:1465)
	at org.springframework.boot.test.context.SpringBootContextLoader$ContextLoaderHook.run(SpringBootContextLoader.java:600)
	at org.springframework.boot.test.context.SpringBootContextLoader.loadContext(SpringBootContextLoader.java:155)
	at org.springframework.boot.test.context.SpringBootContextLoader.loadContext(SpringBootContextLoader.java:114)
	at org.springframework.test.context.cache.DefaultCacheAwareContextLoaderDelegate.loadContextInternal(DefaultCacheAwareContextLoaderDelegate.java:247)
	at org.springframework.test.context.cache.DefaultCacheAwareContextLoaderDelegate.lambda$loadContext$0(DefaultCacheAwareContextLoaderDelegate.java:167)
	... 86 common frames omitted
Caused by: org.springframework.beans.factory.NoSuchBeanDefinitionException: No qualifying bean of type 'com.cloudinary.Cloudinary' available: expected at least 1 bean which qualifies as autowire candidate. Dependency annotations: {}
	at org.springframework.beans.factory.support.DefaultListableBeanFactory.raiseNoMatchingBeanFound(DefaultListableBeanFactory.java:2304)
	at org.springframework.beans.factory.support.DefaultListableBeanFactory.resolveInstance(DefaultListableBeanFactory.java:1783)
	at org.springframework.beans.factory.support.DefaultListableBeanFactory.doResolveDependency(DefaultListableBeanFactory.java:1771)
	at org.springframework.beans.factory.support.DefaultListableBeanFactory.resolveDependency(DefaultListableBeanFactory.java:1658)
	at org.springframework.beans.factory.support.ConstructorResolver.resolveAutowiredArgument(ConstructorResolver.java:912)
	at org.springframework.beans.factory.support.ConstructorResolver.createArgumentArray(ConstructorResolver.java:791)
	... 112 common frames omitted
2026-07-02 12:54:49.073 [main] INFO  c.P.F.a.s.impl.AuditServiceImpl - User [john.doe@example.com] performed CREATE_USER on User entity with id=100 (SUCCESS)
2026-07-02 12:54:49.477 [main] INFO  c.P.F.service.impl.AuthServiceImpl - Logging out user token
2026-07-02 12:54:49.478 [main] INFO  c.P.F.service.impl.AuthServiceImpl - Access token blacklisted successfully
2026-07-02 12:54:49.501 [main] INFO  c.P.F.service.impl.AuthServiceImpl - Logging out user token
2026-07-02 12:54:49.909 [main] INFO  c.P.F.s.impl.InterviewServiceImpl - Adding question to interview with ID: 1
2026-07-02 12:54:49.911 [main] INFO  c.P.F.s.impl.InterviewServiceImpl - Question added successfully with ID: 10
2026-07-02 12:54:49.919 [main] INFO  c.P.F.s.impl.InterviewServiceImpl - Creating new interview: Java Interview
2026-07-02 12:54:49.920 [main] INFO  c.P.F.s.impl.InterviewServiceImpl - Interview created successfully with ID: 1
2026-07-02 12:54:50.371 [main] INFO  c.P.F.s.i.InterviewSessionServiceImpl - Starting interview session for user: student@example.com on interview: 2
2026-07-02 12:54:50.373 [main] INFO  c.P.F.s.i.InterviewSessionServiceImpl - Interview session started with ID: 3
2026-07-02 12:54:50.387 [main] INFO  c.P.F.s.i.InterviewSessionServiceImpl - Submitting interview session with ID: 3, score: 85
2026-07-02 12:54:50.390 [main] INFO  c.P.F.s.i.InterviewSessionServiceImpl - Interview session ID 3 submitted successfully
2026-07-02 12:54:50.586 [main] INFO  c.P.F.s.impl.PermissionServiceImpl - Creating permission with name: INTERVIEW_CREATE
2026-07-02 12:54:50.594 [main] INFO  c.P.F.s.impl.PermissionServiceImpl - Deleting permission with ID: 1
2026-07-02 12:54:50.602 [main] INFO  c.P.F.s.impl.PermissionServiceImpl - Creating permission with name: NEW_PERMISSION
2026-07-02 12:54:50.603 [main] INFO  c.P.F.s.impl.PermissionServiceImpl - Permission created successfully: NEW_PERMISSION
2026-07-02 12:54:50.612 [main] INFO  c.P.F.s.impl.PermissionServiceImpl - Deleting permission with ID: 1
2026-07-02 12:54:50.612 [main] INFO  c.P.F.s.impl.PermissionServiceImpl - Permission deleted successfully: INTERVIEW_CREATE
2026-07-02 12:54:50.625 [main] INFO  c.P.F.s.impl.PermissionServiceImpl - Fetching all permissions, page: 0, size: 10
2026-07-02 12:54:50.652 [main] INFO  c.P.F.s.impl.PermissionServiceImpl - Deleting permission with ID: 2
2026-07-02 12:54:51.061 [main] INFO  c.P.F.service.impl.ResumeServiceImpl - Uploading resume for user: student@example.com
2026-07-02 12:54:51.063 [main] INFO  c.P.F.service.impl.ResumeServiceImpl - Resume saved successfully with ID: 2
2026-07-02 12:54:51.088 [main] INFO  c.P.F.service.impl.RoleServiceImpl - Creating role with name: ROLE_NEW
2026-07-02 12:54:51.092 [main] INFO  c.P.F.service.impl.RoleServiceImpl - Role created successfully: ROLE_NEW
2026-07-02 12:54:51.105 [main] INFO  c.P.F.service.impl.RoleServiceImpl - Deleting role with ID: 1
2026-07-02 12:54:51.115 [main] INFO  c.P.F.service.impl.RoleServiceImpl - Deleting role with ID: 1
2026-07-02 12:54:51.116 [main] INFO  c.P.F.service.impl.RoleServiceImpl - Role deleted successfully: ROLE_CUSTOM
2026-07-02 12:54:51.126 [main] INFO  c.P.F.service.impl.RoleServiceImpl - Updating role with ID: 1
2026-07-02 12:54:51.129 [main] INFO  c.P.F.service.impl.RoleServiceImpl - Role updated successfully: ROLE_CUSTOM_UPDATED
2026-07-02 12:54:51.136 [main] INFO  c.P.F.service.impl.RoleServiceImpl - Fetching role with ID: 1
2026-07-02 12:54:51.147 [main] INFO  c.P.F.service.impl.RoleServiceImpl - Deleting role with ID: 10
2026-07-02 12:54:51.155 [main] INFO  c.P.F.service.impl.RoleServiceImpl - Updating role with ID: 10
2026-07-02 12:54:51.164 [main] INFO  c.P.F.service.impl.RoleServiceImpl - Fetching role with ID: 2
2026-07-02 12:54:51.171 [main] INFO  c.P.F.service.impl.RoleServiceImpl - Creating role with name: ROLE_CUSTOM
2026-07-02 12:54:51.177 [main] INFO  c.P.F.service.impl.RoleServiceImpl - Fetching all roles in system, page: 0, size: 10
2026-07-02 12:54:51.413 [main] INFO  c.P.F.s.impl.UserProgressServiceImpl - Updating progress for user: student@example.com after completing interview session with score: 90, questions: 5
2026-07-02 12:54:51.414 [main] INFO  c.P.F.s.impl.UserProgressServiceImpl - Progress updated successfully. Total score: 175, current streak: 2
2026-07-02 12:54:51.519 [main] ERROR c.P.F.service.impl.UserServiceImpl - Database operation failed: User not found with email unknown@example.com
2026-07-02 12:54:51.530 [main] INFO  c.P.F.service.impl.UserServiceImpl - Updating profile for user: john.doe@example.com
2026-07-02 12:54:51.532 [main] INFO  c.P.F.service.impl.UserServiceImpl - Profile updated successfully for user: john.doe@example.com
2026-07-02 12:55:25.283 [background-preinit] INFO  o.h.validator.internal.util.Version - HV000001: Hibernate Validator 9.1.0.Final
2026-07-02 12:55:25.316 [main] INFO  c.P.F.FullstackProjectApplicationTests - Starting FullstackProjectApplicationTests using Java 26.0.1 with PID 9844 (started by dell in C:\Users\dell\OneDrive\Desktop\PrepTrack_AI\PrepTrack_AI)
2026-07-02 12:55:25.318 [main] INFO  c.P.F.FullstackProjectApplicationTests - No active profile set, falling back to 1 default profile: "default"
2026-07-02 12:55:27.100 [main] INFO  o.s.d.r.c.RepositoryConfigurationDelegate - Bootstrapping Spring Data JPA repositories in DEFAULT mode.
2026-07-02 12:55:27.267 [main] INFO  o.s.d.r.c.RepositoryConfigurationDelegate - Finished Spring Data repository scanning in 153 ms. Found 16 JPA repository interfaces.
2026-07-02 12:55:28.345 [main] INFO  org.hibernate.orm.jpa - HHH008540: Processing PersistenceUnitInfo [name: default]
2026-07-02 12:55:28.429 [main] INFO  org.hibernate.orm.core - HHH000001: Hibernate ORM core version 7.4.1.Final
2026-07-02 12:55:29.139 [main] INFO  o.s.o.j.p.SpringPersistenceUnitInfo - No LoadTimeWeaver setup: ignoring JPA class transformer
2026-07-02 12:55:29.176 [main] INFO  com.zaxxer.hikari.HikariDataSource - HikariPool-1 - Starting...
2026-07-02 12:55:29.533 [main] INFO  com.zaxxer.hikari.pool.HikariPool - HikariPool-1 - Added connection conn0: url=jdbc:h2:mem:preptrack_db user=SA
2026-07-02 12:55:29.538 [main] INFO  com.zaxxer.hikari.HikariDataSource - HikariPool-1 - Start completed.
2026-07-02 12:55:29.601 [main] WARN  org.hibernate.orm.deprecation - HHH90000025: H2Dialect does not need to be specified explicitly using 'hibernate.dialect' (remove the property setting and it will be selected by default)
2026-07-02 12:55:29.680 [main] INFO  o.hibernate.orm.connections.pooling - HHH10001005: Database info:
	Database JDBC URL [jdbc:h2:mem:preptrack_db]
	Database driver: H2 JDBC Driver
	Database dialect: H2Dialect
	Database version: 2.4.240
	Default catalog/schema: PREPTRACK_DB/PUBLIC
	Autocommit mode: undefined/unknown
	Isolation level: READ_COMMITTED [default READ_COMMITTED]
	JDBC fetch size: 100
	Pool: DataSourceConnectionProvider
	Minimum pool size: undefined/unknown
	Maximum pool size: undefined/unknown
2026-07-02 12:55:31.948 [main] INFO  org.hibernate.orm.core - HHH000489: No JTA platform available (set 'hibernate.transaction.jta.platform' to enable JTA platform integration)
2026-07-02 12:55:32.224 [main] INFO  o.s.o.j.LocalContainerEntityManagerFactoryBean - Initialized JPA EntityManagerFactory for persistence unit 'default'
2026-07-02 12:55:32.370 [main] INFO  o.s.d.j.r.q.QueryEnhancerFactories - Hibernate is in classpath; If applicable, HQL parser will be used.
2026-07-02 12:55:33.093 [main] INFO  o.s.s.c.a.a.c.InitializeAuthenticationProviderBeanManagerConfigurer$InitializeAuthenticationProviderManagerConfigurer - Global AuthenticationManager configured with AuthenticationProvider bean with name authenticationProvider
2026-07-02 12:55:33.093 [main] WARN  o.s.s.c.a.a.c.InitializeUserDetailsBeanManagerConfigurer$InitializeUserDetailsManagerConfigurer - Global AuthenticationManager configured with an AuthenticationProvider bean. UserDetailsService beans will not be used by Spring Security for automatically configuring username/password login. Consider removing the AuthenticationProvider bean. Alternatively, consider using the UserDetailsService in a manually instantiated DaoAuthenticationProvider. If the current configuration is intentional, to turn off this warning, increase the logging level of 'org.springframework.security.config.annotation.authentication.configuration.InitializeUserDetailsBeanManagerConfigurer' to ERROR
2026-07-02 12:55:34.158 [main] WARN  c.P.F.storage.StorageConfig - Cloudinary credentials not configured. CloudinaryStorageService will run in simulated mode.
2026-07-02 12:55:34.174 [main] WARN  c.P.F.storage.StorageConfig - MinIO client url is not configured or set to default local. MinioStorageService will check availability on startup.
2026-07-02 12:55:34.174 [main] WARN  c.P.F.storage.StorageConfig - MinIO credentials not configured. MinioStorageService will run in simulated mode.
2026-07-02 12:55:34.207 [main] WARN  c.P.F.storage.StorageConfig - AWS S3 access credentials not configured. S3StorageService will run in simulated mode.
2026-07-02 12:55:36.405 [main] INFO  c.P.F.FullstackProjectApplicationTests - Started FullstackProjectApplicationTests in 11.736 seconds (process running for 13.618)
2026-07-02 12:55:36.433 [main] INFO  c.P.F.config.DatabaseInitializer - Starting database seeding initializer...
2026-07-02 12:55:36.915 [main] INFO  c.P.F.config.DatabaseInitializer - Seeded permission: USER_READ
2026-07-02 12:55:36.936 [main] INFO  c.P.F.config.DatabaseInitializer - Seeded permission: USER_WRITE
2026-07-02 12:55:36.942 [main] INFO  c.P.F.config.DatabaseInitializer - Seeded permission: INTERVIEW_CREATE
2026-07-02 12:55:36.948 [main] INFO  c.P.F.config.DatabaseInitializer - Seeded permission: INTERVIEW_DELETE
2026-07-02 12:55:36.956 [main] INFO  c.P.F.config.DatabaseInitializer - Seeded permission: ADMIN_ACCESS
2026-07-02 12:55:36.999 [main] INFO  c.P.F.config.DatabaseInitializer - Seeded default role: ROLE_STUDENT
2026-07-02 12:55:37.016 [main] INFO  c.P.F.config.DatabaseInitializer - Seeded default role: ROLE_ADMIN
2026-07-02 12:55:37.193 [main] INFO  c.P.F.config.DatabaseInitializer - Seeded default admin user: admin@preptrack.com
2026-07-02 12:55:37.215 [main] INFO  c.P.F.config.DatabaseInitializer - No interviews found. Seeding sample interviews and questions...
2026-07-02 12:55:37.240 [main] INFO  c.P.F.config.DatabaseInitializer - Seeded 2 mock interviews and 5 questions.
2026-07-02 12:55:37.240 [main] INFO  c.P.F.config.DatabaseInitializer - Database seeding completed successfully.
2026-07-02 12:55:38.524 [main] INFO  c.P.F.a.s.impl.AuditServiceImpl - User [john.doe@example.com] performed CREATE_USER on User entity with id=100 (SUCCESS)
2026-07-02 12:55:39.069 [main] INFO  c.P.F.service.impl.AuthServiceImpl - Logging out user token
2026-07-02 12:55:39.071 [main] INFO  c.P.F.service.impl.AuthServiceImpl - Access token blacklisted successfully
2026-07-02 12:55:39.101 [main] INFO  c.P.F.service.impl.AuthServiceImpl - Logging out user token
2026-07-02 12:55:39.691 [main] INFO  c.P.F.s.impl.InterviewServiceImpl - Adding question to interview with ID: 1
2026-07-02 12:55:39.694 [main] INFO  c.P.F.s.impl.InterviewServiceImpl - Question added successfully with ID: 10
2026-07-02 12:55:39.704 [main] INFO  c.P.F.s.impl.InterviewServiceImpl - Creating new interview: Java Interview
2026-07-02 12:55:39.705 [main] INFO  c.P.F.s.impl.InterviewServiceImpl - Interview created successfully with ID: 1
2026-07-02 12:55:40.295 [main] INFO  c.P.F.s.i.InterviewSessionServiceImpl - Starting interview session for user: student@example.com on interview: 2
2026-07-02 12:55:40.298 [main] INFO  c.P.F.s.i.InterviewSessionServiceImpl - Interview session started with ID: 3
2026-07-02 12:55:40.314 [main] INFO  c.P.F.s.i.InterviewSessionServiceImpl - Submitting interview session with ID: 3, score: 85
2026-07-02 12:55:40.317 [main] INFO  c.P.F.s.i.InterviewSessionServiceImpl - Interview session ID 3 submitted successfully
2026-07-02 12:55:40.538 [main] INFO  c.P.F.s.impl.PermissionServiceImpl - Creating permission with name: INTERVIEW_CREATE
2026-07-02 12:55:40.547 [main] INFO  c.P.F.s.impl.PermissionServiceImpl - Deleting permission with ID: 1
2026-07-02 12:55:40.555 [main] INFO  c.P.F.s.impl.PermissionServiceImpl - Creating permission with name: NEW_PERMISSION
2026-07-02 12:55:40.556 [main] INFO  c.P.F.s.impl.PermissionServiceImpl - Permission created successfully: NEW_PERMISSION
2026-07-02 12:55:40.565 [main] INFO  c.P.F.s.impl.PermissionServiceImpl - Deleting permission with ID: 1
2026-07-02 12:55:40.566 [main] INFO  c.P.F.s.impl.PermissionServiceImpl - Permission deleted successfully: INTERVIEW_CREATE
2026-07-02 12:55:40.582 [main] INFO  c.P.F.s.impl.PermissionServiceImpl - Fetching all permissions, page: 0, size: 10
2026-07-02 12:55:40.600 [main] INFO  c.P.F.s.impl.PermissionServiceImpl - Deleting permission with ID: 2
2026-07-02 12:55:41.004 [main] INFO  c.P.F.service.impl.ResumeServiceImpl - Uploading resume for user: student@example.com
2026-07-02 12:55:41.005 [main] INFO  c.P.F.service.impl.ResumeServiceImpl - Resume saved successfully with ID: 2
2026-07-02 12:55:41.020 [main] INFO  c.P.F.service.impl.RoleServiceImpl - Creating role with name: ROLE_NEW
2026-07-02 12:55:41.025 [main] INFO  c.P.F.service.impl.RoleServiceImpl - Role created successfully: ROLE_NEW
2026-07-02 12:55:41.048 [main] INFO  c.P.F.service.impl.RoleServiceImpl - Deleting role with ID: 1
2026-07-02 12:55:41.059 [main] INFO  c.P.F.service.impl.RoleServiceImpl - Deleting role with ID: 1
2026-07-02 12:55:41.061 [main] INFO  c.P.F.service.impl.RoleServiceImpl - Role deleted successfully: ROLE_CUSTOM
2026-07-02 12:55:41.071 [main] INFO  c.P.F.service.impl.RoleServiceImpl - Updating role with ID: 1
2026-07-02 12:55:41.074 [main] INFO  c.P.F.service.impl.RoleServiceImpl - Role updated successfully: ROLE_CUSTOM_UPDATED
2026-07-02 12:55:41.079 [main] INFO  c.P.F.service.impl.RoleServiceImpl - Fetching role with ID: 1
2026-07-02 12:55:41.088 [main] INFO  c.P.F.service.impl.RoleServiceImpl - Deleting role with ID: 10
2026-07-02 12:55:41.097 [main] INFO  c.P.F.service.impl.RoleServiceImpl - Updating role with ID: 10
2026-07-02 12:55:41.104 [main] INFO  c.P.F.service.impl.RoleServiceImpl - Fetching role with ID: 2
2026-07-02 12:55:41.111 [main] INFO  c.P.F.service.impl.RoleServiceImpl - Creating role with name: ROLE_CUSTOM
2026-07-02 12:55:41.116 [main] INFO  c.P.F.service.impl.RoleServiceImpl - Fetching all roles in system, page: 0, size: 10
2026-07-02 12:55:41.347 [main] INFO  c.P.F.s.impl.UserProgressServiceImpl - Updating progress for user: student@example.com after completing interview session with score: 90, questions: 5
2026-07-02 12:55:41.348 [main] INFO  c.P.F.s.impl.UserProgressServiceImpl - Progress updated successfully. Total score: 175, current streak: 2
2026-07-02 12:55:41.467 [main] ERROR c.P.F.service.impl.UserServiceImpl - Database operation failed: User not found with email unknown@example.com
2026-07-02 12:55:41.480 [main] INFO  c.P.F.service.impl.UserServiceImpl - Updating profile for user: john.doe@example.com
2026-07-02 12:55:41.482 [main] INFO  c.P.F.service.impl.UserServiceImpl - Profile updated successfully for user: john.doe@example.com
2026-07-02 12:55:41.568 [SpringApplicationShutdownHook] INFO  o.s.o.j.LocalContainerEntityManagerFactoryBean - Closing JPA EntityManagerFactory for persistence unit 'default'
2026-07-02 12:55:41.623 [SpringApplicationShutdownHook] INFO  com.zaxxer.hikari.HikariDataSource - HikariPool-1 - Shutdown initiated...
2026-07-02 12:55:41.633 [SpringApplicationShutdownHook] INFO  com.zaxxer.hikari.HikariDataSource - HikariPool-1 - Shutdown completed.
